<?xml version="1.0" encoding="UTF-8"?>
<robot generator="Robot 6.1 (Python 3.10.6 on linux)" generated="20230628 17:50:35.449" rpa="false" schemaversion="4">
<suite id="s1" name="testCases" source="/home/blue/Projects/robotframework/robotframework+selenium_poc/testCases">
<suite id="s1-s1" name="Login" source="/home/blue/Projects/robotframework/robotframework+selenium_poc/testCases/login.robot">
<test id="s1-s1-t1" name="Log in with valid user" line="14">
<kw name="Open Login Page" type="SETUP">
<kw name="Open Browser" library="SeleniumLibrary">
<arg>${LOGIN_PAGE}</arg>
<arg>Firefox</arg>
<arg>service_log_path=${{"../driver_logs/geckodriver"}}</arg>
<doc>Opens a new browser instance to the optional ``url``.</doc>
<msg timestamp="20230628 17:50:35.581" level="INFO">Opening browser 'Firefox' to base url 'https://www.saucedemo.com/'.</msg>
<msg timestamp="20230628 17:50:35.581" level="INFO">Browser driver log file created to: /home/blue/Projects/robotframework/robotframework+selenium_poc/results/../driver_logs/geckodriver</msg>
<status status="PASS" starttime="20230628 17:50:35.580" endtime="20230628 17:50:47.840"/>
</kw>
<status status="PASS" starttime="20230628 17:50:35.579" endtime="20230628 17:50:47.840"/>
</kw>
<kw name="Log in as">
<arg>standard_user</arg>
<arg>${PASS}</arg>
<kw name="Input Text" library="SeleniumLibrary">
<arg>id:user-name</arg>
<arg>${username}</arg>
<doc>Types the given ``text`` into the text field identified by ``locator``.</doc>
<msg timestamp="20230628 17:50:47.842" level="INFO">Typing text 'standard_user' into text field 'id:user-name'.</msg>
<status status="PASS" starttime="20230628 17:50:47.841" endtime="20230628 17:50:47.920"/>
</kw>
<kw name="Input Password" library="SeleniumLibrary">
<arg>name:password</arg>
<arg>${password}</arg>
<doc>Types the given password into the text field identified by ``locator``.</doc>
<msg timestamp="20230628 17:50:47.921" level="INFO">Typing password into text field 'name:password'.</msg>
<msg timestamp="20230628 17:50:47.930" level="INFO">Temporally setting log level to: NONE</msg>
<msg timestamp="20230628 17:50:47.961" level="INFO">Log level changed from NONE to INFO.</msg>
<status status="PASS" starttime="20230628 17:50:47.920" endtime="20230628 17:50:47.961"/>
</kw>
<kw name="Click Button" library="SeleniumLibrary">
<arg>id:login-button</arg>
<doc>Clicks the button identified by ``locator``.</doc>
<msg timestamp="20230628 17:50:47.962" level="INFO">Clicking button 'id:login-button'.</msg>
<status status="PASS" starttime="20230628 17:50:47.961" endtime="20230628 17:51:00.034"/>
</kw>
<status status="PASS" starttime="20230628 17:50:47.840" endtime="20230628 17:51:00.035"/>
</kw>
<kw name="Wait Until Location Is Not" library="SeleniumLibrary">
<arg>${LOGIN_PAGE}</arg>
<doc>Waits until the current URL is not ``location``.</doc>
<status status="PASS" starttime="20230628 17:51:00.035" endtime="20230628 17:51:00.039"/>
</kw>
<kw name="Location Should Be" library="SeleniumLibrary">
<arg>${INVENTORY_PAGE}</arg>
<doc>Verifies that the current URL is exactly ``url``.</doc>
<msg timestamp="20230628 17:51:00.041" level="INFO">Current location is 'https://www.saucedemo.com/inventory.html'.</msg>
<status status="PASS" starttime="20230628 17:51:00.039" endtime="20230628 17:51:00.041"/>
</kw>
<kw name="Close Browser" library="SeleniumLibrary" type="TEARDOWN">
<doc>Closes the current browser.</doc>
<status status="PASS" starttime="20230628 17:51:00.042" endtime="20230628 17:52:07.219"/>
</kw>
<status status="PASS" starttime="20230628 17:50:35.579" endtime="20230628 17:52:07.219"/>
</test>
<test id="s1-s1-t2" name="Log in with invalid user" line="19">
<kw name="Open Login Page" type="SETUP">
<kw name="Open Browser" library="SeleniumLibrary">
<arg>${LOGIN_PAGE}</arg>
<arg>Firefox</arg>
<arg>service_log_path=${{"../driver_logs/geckodriver"}}</arg>
<doc>Opens a new browser instance to the optional ``url``.</doc>
<msg timestamp="20230628 17:52:07.224" level="INFO">Opening browser 'Firefox' to base url 'https://www.saucedemo.com/'.</msg>
<msg timestamp="20230628 17:52:07.224" level="INFO">Browser driver log file created to: /home/blue/Projects/robotframework/robotframework+selenium_poc/results/../driver_logs/geckodriver</msg>
<status status="PASS" starttime="20230628 17:52:07.222" endtime="20230628 17:52:20.355"/>
</kw>
<status status="PASS" starttime="20230628 17:52:07.221" endtime="20230628 17:52:20.355"/>
</kw>
<kw name="Log in as">
<arg>invalid_user</arg>
<arg>${PASS}</arg>
<kw name="Input Text" library="SeleniumLibrary">
<arg>id:user-name</arg>
<arg>${username}</arg>
<doc>Types the given ``text`` into the text field identified by ``locator``.</doc>
<msg timestamp="20230628 17:52:20.357" level="INFO">Typing text 'invalid_user' into text field 'id:user-name'.</msg>
<status status="PASS" starttime="20230628 17:52:20.356" endtime="20230628 17:52:20.454"/>
</kw>
<kw name="Input Password" library="SeleniumLibrary">
<arg>name:password</arg>
<arg>${password}</arg>
<doc>Types the given password into the text field identified by ``locator``.</doc>
<msg timestamp="20230628 17:52:20.455" level="INFO">Typing password into text field 'name:password'.</msg>
<msg timestamp="20230628 17:52:20.463" level="INFO">Temporally setting log level to: NONE</msg>
<msg timestamp="20230628 17:52:20.499" level="INFO">Log level changed from NONE to INFO.</msg>
<status status="PASS" starttime="20230628 17:52:20.454" endtime="20230628 17:52:20.500"/>
</kw>
<kw name="Click Button" library="SeleniumLibrary">
<arg>id:login-button</arg>
<doc>Clicks the button identified by ``locator``.</doc>
<msg timestamp="20230628 17:52:20.501" level="INFO">Clicking button 'id:login-button'.</msg>
<status status="PASS" starttime="20230628 17:52:20.500" endtime="20230628 17:52:20.756"/>
</kw>
<status status="PASS" starttime="20230628 17:52:20.355" endtime="20230628 17:52:20.757"/>
</kw>
<kw name="Error should be">
<arg>${UNKNOWN_USER_ERROR}</arg>
<kw name="Get Text" library="SeleniumLibrary">
<var>${error_text}</var>
<arg>class:error-message-container</arg>
<doc>Returns the text value of the element identified by ``locator``.</doc>
<msg timestamp="20230628 17:52:20.798" level="INFO">${error_text} = Epic sadface: Username and password do not match any user in this service</msg>
<status status="PASS" starttime="20230628 17:52:20.758" endtime="20230628 17:52:20.798"/>
</kw>
<kw name="Should Be Equal" library="BuiltIn">
<arg>${error_text}</arg>
<arg>${error_expected}</arg>
<doc>Fails if the given objects are unequal.</doc>
<status status="PASS" starttime="20230628 17:52:20.798" endtime="20230628 17:52:20.799"/>
</kw>
<status status="PASS" starttime="20230628 17:52:20.757" endtime="20230628 17:52:20.799"/>
</kw>
<kw name="Close Browser" library="SeleniumLibrary" type="TEARDOWN">
<doc>Closes the current browser.</doc>
<status status="PASS" starttime="20230628 17:52:20.799" endtime="20230628 17:53:31.073"/>
</kw>
<status status="PASS" starttime="20230628 17:52:07.220" endtime="20230628 17:53:31.073"/>
</test>
<test id="s1-s1-t3" name="Log in with locked out user" line="23">
<kw name="Open Login Page" type="SETUP">
<kw name="Open Browser" library="SeleniumLibrary">
<arg>${LOGIN_PAGE}</arg>
<arg>Firefox</arg>
<arg>service_log_path=${{"../driver_logs/geckodriver"}}</arg>
<doc>Opens a new browser instance to the optional ``url``.</doc>
<msg timestamp="20230628 17:53:31.076" level="INFO">Opening browser 'Firefox' to base url 'https://www.saucedemo.com/'.</msg>
<msg timestamp="20230628 17:53:31.076" level="INFO">Browser driver log file created to: /home/blue/Projects/robotframework/robotframework+selenium_poc/results/../driver_logs/geckodriver</msg>
<status status="PASS" starttime="20230628 17:53:31.075" endtime="20230628 17:53:44.908"/>
</kw>
<status status="PASS" starttime="20230628 17:53:31.074" endtime="20230628 17:53:44.908"/>
</kw>
<kw name="Log in as">
<arg>locked_out_user</arg>
<arg>${PASS}</arg>
<kw name="Input Text" library="SeleniumLibrary">
<arg>id:user-name</arg>
<arg>${username}</arg>
<doc>Types the given ``text`` into the text field identified by ``locator``.</doc>
<msg timestamp="20230628 17:53:44.911" level="INFO">Typing text 'locked_out_user' into text field 'id:user-name'.</msg>
<status status="PASS" starttime="20230628 17:53:44.909" endtime="20230628 17:53:45.297"/>
</kw>
<kw name="Input Password" library="SeleniumLibrary">
<arg>name:password</arg>
<arg>${password}</arg>
<doc>Types the given password into the text field identified by ``locator``.</doc>
<msg timestamp="20230628 17:53:45.299" level="INFO">Typing password into text field 'name:password'.</msg>
<msg timestamp="20230628 17:53:45.331" level="INFO">Temporally setting log level to: NONE</msg>
<msg timestamp="20230628 17:53:45.398" level="INFO">Log level changed from NONE to INFO.</msg>
<status status="PASS" starttime="20230628 17:53:45.297" endtime="20230628 17:53:45.399"/>
</kw>
<kw name="Click Button" library="SeleniumLibrary">
<arg>id:login-button</arg>
<doc>Clicks the button identified by ``locator``.</doc>
<msg timestamp="20230628 17:53:45.400" level="INFO">Clicking button 'id:login-button'.</msg>
<status status="PASS" starttime="20230628 17:53:45.399" endtime="20230628 17:53:45.673"/>
</kw>
<status status="PASS" starttime="20230628 17:53:44.908" endtime="20230628 17:53:45.673"/>
</kw>
<kw name="Error should be">
<arg>${LOCKEDOUT_USER_ERROR}</arg>
<kw name="Get Text" library="SeleniumLibrary">
<var>${error_text}</var>
<arg>class:error-message-container</arg>
<doc>Returns the text value of the element identified by ``locator``.</doc>
<msg timestamp="20230628 17:53:45.764" level="INFO">${error_text} = Epic sadface: Sorry, this user has been locked out.</msg>
<status status="PASS" starttime="20230628 17:53:45.675" endtime="20230628 17:53:45.765"/>
</kw>
<kw name="Should Be Equal" library="BuiltIn">
<arg>${error_text}</arg>
<arg>${error_expected}</arg>
<doc>Fails if the given objects are unequal.</doc>
<status status="PASS" starttime="20230628 17:53:45.765" endtime="20230628 17:53:45.766"/>
</kw>
<status status="PASS" starttime="20230628 17:53:45.674" endtime="20230628 17:53:45.767"/>
</kw>
<kw name="Close Browser" library="SeleniumLibrary" type="TEARDOWN">
<doc>Closes the current browser.</doc>
<status status="PASS" starttime="20230628 17:53:45.767" endtime="20230628 17:53:54.972"/>
</kw>
<status status="PASS" starttime="20230628 17:53:31.074" endtime="20230628 17:53:54.972"/>
</test>
<status status="PASS" starttime="20230628 17:50:35.465" endtime="20230628 17:53:54.975"/>
</suite>
<suite id="s1-s2" name="Shopping" source="/home/blue/Projects/robotframework/robotframework+selenium_poc/testCases/shopping.robot">
<test id="s1-s2-t1" name="Clear cart after checkout completion" line="17">
<kw name="Open Login Page" type="SETUP">
<kw name="Open Browser" library="SeleniumLibrary">
<arg>${URL_LOGIN}</arg>
<arg>Firefox</arg>
<doc>Opens a new browser instance to the optional ``url``.</doc>
<msg timestamp="20230628 17:53:55.013" level="INFO">Opening browser 'Firefox' to base url 'https://www.saucedemo.com'.</msg>
<status status="PASS" starttime="20230628 17:53:55.012" endtime="20230628 17:54:09.094"/>
</kw>
<status status="PASS" starttime="20230628 17:53:55.010" endtime="20230628 17:54:09.094"/>
</kw>
<kw name="Given a valid user is logged in">
<kw name="Input Text" library="SeleniumLibrary">
<arg>${INPUT_USERNAME}</arg>
<arg>${USER}</arg>
<doc>Types the given ``text`` into the text field identified by ``locator``.</doc>
<msg timestamp="20230628 17:54:09.099" level="INFO">Typing text 'standard_user' into text field 'id:user-name'.</msg>
<status status="PASS" starttime="20230628 17:54:09.096" endtime="20230628 17:54:09.360"/>
</kw>
<kw name="Input Password" library="SeleniumLibrary">
<arg>${INPUT_PASSWORD}</arg>
<arg>${PASS}</arg>
<doc>Types the given password into the text field identified by ``locator``.</doc>
<msg timestamp="20230628 17:54:09.364" level="INFO">Typing password into text field 'id:password'.</msg>
<msg timestamp="20230628 17:54:09.400" level="INFO">Temporally setting log level to: NONE</msg>
<msg timestamp="20230628 17:54:09.555" level="INFO">Log level changed from NONE to INFO.</msg>
<status status="PASS" starttime="20230628 17:54:09.361" endtime="20230628 17:54:09.555"/>
</kw>
<kw name="Click Element" library="SeleniumLibrary">
<arg>${BUTTON_LOGIN}</arg>
<doc>Click the element identified by ``locator``.</doc>
<msg timestamp="20230628 17:54:09.560" level="INFO">Clicking element 'id:login-button'.</msg>
<status status="PASS" starttime="20230628 17:54:09.556" endtime="20230628 17:54:20.092"/>
</kw>
<kw name="Wait Until Location Is Not" library="SeleniumLibrary">
<arg>${URL_LOGIN}</arg>
<doc>Waits until the current URL is not ``location``.</doc>
<status status="PASS" starttime="20230628 17:54:20.092" endtime="20230628 17:54:20.307"/>
</kw>
<status status="PASS" starttime="20230628 17:54:09.095" endtime="20230628 17:54:20.307"/>
</kw>
<kw name="When they buy a product">
<kw name="they add a product to cart">
<kw name="Click Element" library="SeleniumLibrary">
<arg>${BUTTON_ADD_TO_CART}</arg>
<doc>Click the element identified by ``locator``.</doc>
<msg timestamp="20230628 17:54:20.311" level="INFO">Clicking element '//button[contains(@class,'btn_primary') and contains(@class,'btn_inventory')]'.</msg>
<status status="PASS" starttime="20230628 17:54:20.309" endtime="20230628 17:54:20.580"/>
</kw>
<status status="PASS" starttime="20230628 17:54:20.308" endtime="20230628 17:54:20.580"/>
</kw>
<kw name="they click on the cart button">
<kw name="Click Element" library="SeleniumLibrary">
<arg>${ELEMENT_CART}</arg>
<doc>Click the element identified by ``locator``.</doc>
<msg timestamp="20230628 17:54:20.581" level="INFO">Clicking element 'id:shopping_cart_container'.</msg>
<status status="PASS" starttime="20230628 17:54:20.581" endtime="20230628 17:54:20.840"/>
</kw>
<status status="PASS" starttime="20230628 17:54:20.580" endtime="20230628 17:54:20.840"/>
</kw>
<kw name="they click on the checkout button">
<kw name="Click Element" library="SeleniumLibrary">
<arg>${BUTTON_CHECKOUT}</arg>
<doc>Click the element identified by ``locator``.</doc>
<msg timestamp="20230628 17:54:20.842" level="INFO">Clicking element 'id:checkout'.</msg>
<status status="PASS" starttime="20230628 17:54:20.841" endtime="20230628 17:54:21.073"/>
</kw>
<status status="PASS" starttime="20230628 17:54:20.841" endtime="20230628 17:54:21.073"/>
</kw>
<kw name="they fill the delivery information form">
<kw name="Input Text" library="SeleniumLibrary">
<arg>${INPUT_FIRST_NAME}</arg>
<arg>${FIRST_NAME}</arg>
<doc>Types the given ``text`` into the text field identified by ``locator``.</doc>
<msg timestamp="20230628 17:54:21.076" level="INFO">Typing text 'John' into text field 'id:first-name'.</msg>
<status status="PASS" starttime="20230628 17:54:21.074" endtime="20230628 17:54:21.134"/>
</kw>
<kw name="Input Text" library="SeleniumLibrary">
<arg>${INPUT_LAST_NAME}</arg>
<arg>${LAST_NAME}</arg>
<doc>Types the given ``text`` into the text field identified by ``locator``.</doc>
<msg timestamp="20230628 17:54:21.136" level="INFO">Typing text 'Doe' into text field 'id:last-name'.</msg>
<status status="PASS" starttime="20230628 17:54:21.135" endtime="20230628 17:54:21.159"/>
</kw>
<kw name="Input Text" library="SeleniumLibrary">
<arg>${INPUT_ZIP_CODE}</arg>
<arg>${ZIP_CODE}</arg>
<doc>Types the given ``text`` into the text field identified by ``locator``.</doc>
<msg timestamp="20230628 17:54:21.160" level="INFO">Typing text '123456' into text field 'id:postal-code'.</msg>
<status status="PASS" starttime="20230628 17:54:21.159" endtime="20230628 17:54:21.190"/>
</kw>
<status status="PASS" starttime="20230628 17:54:21.074" endtime="20230628 17:54:21.190"/>
</kw>
<kw name="they click on the continue button">
<kw name="Click Button" library="SeleniumLibrary">
<arg>${BUTTON_CONTINUE}</arg>
<doc>Clicks the button identified by ``locator``.</doc>
<msg timestamp="20230628 17:54:21.191" level="INFO">Clicking button 'id:continue'.</msg>
<status status="PASS" starttime="20230628 17:54:21.190" endtime="20230628 17:54:21.419"/>
</kw>
<status status="PASS" starttime="20230628 17:54:21.190" endtime="20230628 17:54:21.419"/>
</kw>
<kw name="they click on the finish button">
<kw name="Click Button" library="SeleniumLibrary">
<arg>${BUTTON_FINISH}</arg>
<doc>Clicks the button identified by ``locator``.</doc>
<msg timestamp="20230628 17:54:21.423" level="INFO">Clicking button 'id:finish'.</msg>
<status status="PASS" starttime="20230628 17:54:21.421" endtime="20230628 17:54:21.701"/>
</kw>
<status status="PASS" starttime="20230628 17:54:21.420" endtime="20230628 17:54:21.701"/>
</kw>
<kw name="the page is the &quot;checkout complete&quot; page">
<kw name="Location Should Be" library="SeleniumLibrary">
<arg>${URL_CHECKOUT_COMPLETE}</arg>
<doc>Verifies that the current URL is exactly ``url``.</doc>
<msg timestamp="20230628 17:54:21.709" level="INFO">Current location is 'https://www.saucedemo.com/checkout-complete.html'.</msg>
<status status="PASS" starttime="20230628 17:54:21.703" endtime="20230628 17:54:21.709"/>
</kw>
<status status="PASS" starttime="20230628 17:54:21.702" endtime="20230628 17:54:21.709"/>
</kw>
<status status="PASS" starttime="20230628 17:54:20.308" endtime="20230628 17:54:21.710"/>
</kw>
<kw name="And they click on the cart button">
<kw name="Click Element" library="SeleniumLibrary">
<arg>${ELEMENT_CART}</arg>
<doc>Click the element identified by ``locator``.</doc>
<msg timestamp="20230628 17:54:21.713" level="INFO">Clicking element 'id:shopping_cart_container'.</msg>
<status status="PASS" starttime="20230628 17:54:21.712" endtime="20230628 17:54:21.967"/>
</kw>
<status status="PASS" starttime="20230628 17:54:21.710" endtime="20230628 17:54:21.967"/>
</kw>
<kw name="Then the cart is empty">
<kw name="Page Should Not Contain Element" library="SeleniumLibrary">
<arg>${ELEMENT_CART_ITEM}</arg>
<doc>Verifies that element ``locator`` is not found on the current page.</doc>
<msg timestamp="20230628 17:54:21.979" level="INFO">Current page does not contain element '//div[@class='cart_item']'.</msg>
<status status="PASS" starttime="20230628 17:54:21.969" endtime="20230628 17:54:21.979"/>
</kw>
<status status="PASS" starttime="20230628 17:54:21.968" endtime="20230628 17:54:21.980"/>
</kw>
<kw name="Close Browser" library="SeleniumLibrary" type="TEARDOWN">
<doc>Closes the current browser.</doc>
<status status="PASS" starttime="20230628 17:54:21.980" endtime="20230628 17:54:25.236"/>
</kw>
<status status="PASS" starttime="20230628 17:53:55.009" endtime="20230628 17:54:25.236"/>
</test>
<test id="s1-s2-t2" name="Disable checkout button if cart is empty" line="23">
<kw name="Open Login Page" type="SETUP">
<kw name="Open Browser" library="SeleniumLibrary">
<arg>${URL_LOGIN}</arg>
<arg>Firefox</arg>
<doc>Opens a new browser instance to the optional ``url``.</doc>
<msg timestamp="20230628 17:54:25.240" level="INFO">Opening browser 'Firefox' to base url 'https://www.saucedemo.com'.</msg>
<status status="PASS" starttime="20230628 17:54:25.239" endtime="20230628 17:54:39.764"/>
</kw>
<status status="PASS" starttime="20230628 17:54:25.238" endtime="20230628 17:54:39.764"/>
</kw>
<kw name="Given a valid user is logged in">
<kw name="Input Text" library="SeleniumLibrary">
<arg>${INPUT_USERNAME}</arg>
<arg>${USER}</arg>
<doc>Types the given ``text`` into the text field identified by ``locator``.</doc>
<msg timestamp="20230628 17:54:39.771" level="INFO">Typing text 'standard_user' into text field 'id:user-name'.</msg>
<status status="PASS" starttime="20230628 17:54:39.768" endtime="20230628 17:54:40.076"/>
</kw>
<kw name="Input Password" library="SeleniumLibrary">
<arg>${INPUT_PASSWORD}</arg>
<arg>${PASS}</arg>
<doc>Types the given password into the text field identified by ``locator``.</doc>
<msg timestamp="20230628 17:54:40.078" level="INFO">Typing password into text field 'id:password'.</msg>
<msg timestamp="20230628 17:54:40.111" level="INFO">Temporally setting log level to: NONE</msg>
<msg timestamp="20230628 17:54:40.192" level="INFO">Log level changed from NONE to INFO.</msg>
<status status="PASS" starttime="20230628 17:54:40.076" endtime="20230628 17:54:40.192"/>
</kw>
<kw name="Click Element" library="SeleniumLibrary">
<arg>${BUTTON_LOGIN}</arg>
<doc>Click the element identified by ``locator``.</doc>
<msg timestamp="20230628 17:54:40.194" level="INFO">Clicking element 'id:login-button'.</msg>
<status status="PASS" starttime="20230628 17:54:40.193" endtime="20230628 17:54:48.711"/>
</kw>
<kw name="Wait Until Location Is Not" library="SeleniumLibrary">
<arg>${URL_LOGIN}</arg>
<doc>Waits until the current URL is not ``location``.</doc>
<status status="PASS" starttime="20230628 17:54:48.711" endtime="20230628 17:54:48.718"/>
</kw>
<status status="PASS" starttime="20230628 17:54:39.766" endtime="20230628 17:54:48.718"/>
</kw>
<kw name="When they add a product to cart">
<kw name="Click Element" library="SeleniumLibrary">
<arg>${BUTTON_ADD_TO_CART}</arg>
<doc>Click the element identified by ``locator``.</doc>
<msg timestamp="20230628 17:54:48.723" level="INFO">Clicking element '//button[contains(@class,'btn_primary') and contains(@class,'btn_inventory')]'.</msg>
<status status="PASS" starttime="20230628 17:54:48.721" endtime="20230628 17:54:48.974"/>
</kw>
<status status="PASS" starttime="20230628 17:54:48.719" endtime="20230628 17:54:48.975"/>
</kw>
<kw name="And they click on the cart button">
<kw name="Click Element" library="SeleniumLibrary">
<arg>${ELEMENT_CART}</arg>
<doc>Click the element identified by ``locator``.</doc>
<msg timestamp="20230628 17:54:48.977" level="INFO">Clicking element 'id:shopping_cart_container'.</msg>
<status status="PASS" starttime="20230628 17:54:48.976" endtime="20230628 17:54:49.293"/>
</kw>
<status status="PASS" starttime="20230628 17:54:48.975" endtime="20230628 17:54:49.293"/>
</kw>
<kw name="And they remove all itens from the cart">
<kw name="Get WebElements" library="SeleniumLibrary">
<var>@{remove_buttons}</var>
<arg>${BUTTON_REMOVE}</arg>
<doc>Returns a list of WebElement objects matching the ``locator``.</doc>
<msg timestamp="20230628 17:54:49.305" level="INFO">@{remove_buttons} = [ &lt;selenium.webdriver.remote.webelement.WebElement (session="b5ab5f4c-067b-4408-b467-2aad51e1bed9", element="cf483067-a598-478e-a806-af98fa6b1bbf")&gt; ]</msg>
<status status="PASS" starttime="20230628 17:54:49.295" endtime="20230628 17:54:49.305"/>
</kw>
<for flavor="IN">
<var>${button}</var>
<value>@{remove_buttons}</value>
<iter>
<var name="${button}">&lt;selenium.webdriver.remote.webelement.WebElement (session="b5ab5f4c-067b-4408-b467-2aad51e1bed9", element="cf483067-a598-478e-a806-af98fa6b1bbf")&gt;</var>
<kw name="Click Element" library="SeleniumLibrary">
<arg>${button}</arg>
<doc>Click the element identified by ``locator``.</doc>
<msg timestamp="20230628 17:54:49.307" level="INFO">Clicking element '&lt;selenium.webdriver.remote.webelement.WebElement (session="b5ab5f4c-067b-4408-b467-2aad51e1bed9", element="cf483067-a598-478e-a806-af98fa6b1bbf")&gt;'.</msg>
<status status="PASS" starttime="20230628 17:54:49.306" endtime="20230628 17:54:49.530"/>
</kw>
<status status="PASS" starttime="20230628 17:54:49.306" endtime="20230628 17:54:49.530"/>
</iter>
<status status="PASS" starttime="20230628 17:54:49.305" endtime="20230628 17:54:49.530"/>
</for>
<status status="PASS" starttime="20230628 17:54:49.294" endtime="20230628 17:54:49.531"/>
</kw>
<kw name="Then the checkout button is disabled">
<kw name="Element Should Be Disabled" library="SeleniumLibrary">
<arg>${BUTTON_CHECKOUT}</arg>
<doc>Verifies that element identified by ``locator`` is disabled.</doc>
<msg timestamp="20230628 17:54:49.682" level="INFO" html="true">&lt;/td&gt;&lt;/tr&gt;&lt;tr&gt;&lt;td colspan="3"&gt;&lt;a href="selenium-screenshot-1.png"&gt;&lt;img src="selenium-screenshot-1.png" width="800px"&gt;&lt;/a&gt;</msg>
<msg timestamp="20230628 17:54:49.683" level="FAIL">Element 'id:checkout' is enabled.</msg>
<status status="FAIL" starttime="20230628 17:54:49.534" endtime="20230628 17:54:49.684"/>
</kw>
<status status="FAIL" starttime="20230628 17:54:49.532" endtime="20230628 17:54:49.684"/>
</kw>
<kw name="Close Browser" library="SeleniumLibrary" type="TEARDOWN">
<doc>Closes the current browser.</doc>
<status status="PASS" starttime="20230628 17:54:49.685" endtime="20230628 17:54:55.189"/>
</kw>
<status status="FAIL" starttime="20230628 17:54:25.238" endtime="20230628 17:54:55.189">Element 'id:checkout' is enabled.</status>
</test>
<status status="FAIL" starttime="20230628 17:53:54.979" endtime="20230628 17:54:55.190"/>
</suite>
<status status="FAIL" starttime="20230628 17:50:35.450" endtime="20230628 17:54:55.192"/>
</suite>
<statistics>
<total>
<stat pass="4" fail="1" skip="0">All Tests</stat>
</total>
<tag>
</tag>
<suite>
<stat pass="4" fail="1" skip="0" id="s1" name="testCases">testCases</stat>
<stat pass="3" fail="0" skip="0" id="s1-s1" name="Login">testCases.Login</stat>
<stat pass="1" fail="1" skip="0" id="s1-s2" name="Shopping">testCases.Shopping</stat>
</suite>
</statistics>
<errors>
</errors>
</robot>
